SF:lib\config.dart
DA:12,3
LF:1
LH:1
end_of_record
SF:lib\data\repository\auth_repository.dart
DA:8,1
DA:12,1
DA:13,1
DA:14,1
DA:17,0
DA:18,0
DA:19,0
DA:22,1
DA:23,2
DA:25,1
DA:31,2
DA:34,1
DA:35,1
DA:44,4
DA:45,2
DA:47,1
DA:50,0
DA:51,0
DA:56,0
DA:57,0
DA:58,0
DA:59,0
DA:69,1
DA:75,2
DA:77,1
DA:85,2
DA:88,1
DA:89,1
DA:95,2
DA:98,0
DA:99,0
DA:104,0
DA:105,0
DA:106,0
DA:107,0
DA:116,1
DA:117,2
DA:119,1
DA:124,2
DA:127,1
DA:128,1
DA:134,2
DA:137,0
DA:138,0
DA:143,0
DA:144,0
DA:145,0
DA:146,0
LF:48
LH:27
end_of_record
